   0     0.523283    90.360     0.162854    98.540    98.540
   1     0.200546    97.243     0.109133    98.890    98.890
   2     0.135741    97.740     0.050998    99.370    99.370
   3     0.104065    98.082     0.050147    99.160    99.370
   4     0.086756    98.242     0.062792    98.760    99.370
   5     0.074278    98.383     0.083762    98.220    99.370
   6     0.068190    98.377     0.035483    99.400    99.400
   7     0.061782    98.583     0.028912    99.530    99.530
   8     0.059774    98.512     0.037442    99.300    99.530
   9     0.052102    98.723     0.054874    98.390    99.530
  10     0.047885    98.705     0.024918    99.510    99.530
  11     0.048807    98.650     0.022448    99.500    99.530
  12     0.043156    98.838     0.033768    99.150    99.530
  13     0.041808    98.933     0.074001    98.080    99.530
  14     0.039729    98.912     0.021982    99.470    99.530
  15     0.037362    98.958     0.020766    99.380    99.530
  16     0.036160    98.985     0.026214    99.310    99.530
  17     0.034415    99.072     0.027930    99.300    99.530
  18     0.033962    99.058     0.014129    99.570    99.570
  19     0.030122    99.158     0.014770    99.550    99.570
  20     0.032794    99.045     0.016267    99.560    99.570
  21     0.029686    99.175     0.070129    97.690    99.570
  22     0.028963    99.155     0.017472    99.450    99.570
  23     0.029423    99.183     0.014915    99.540    99.570
  24     0.027051    99.238     0.010369    99.670    99.670
  25     0.025876    99.225     0.013177    99.630    99.670
  26     0.024402    99.323     0.014416    99.570    99.670
  27     0.024964    99.315     0.016509    99.550    99.670
  28     0.021996    99.388     0.016130    99.550    99.670
  29     0.022462    99.395     0.014988    99.570    99.670
  30     0.022447    99.343     0.015392    99.560    99.670
  31     0.021116    99.440     0.012282    99.560    99.670
  32     0.021551    99.365     0.014480    99.580    99.670
  33     0.020587    99.403     0.014798    99.610    99.670
  34     0.017921    99.485     0.011964    99.670    99.670
  35     0.019013    99.432     0.013495    99.610    99.670
  36     0.018731    99.475     0.013106    99.610    99.670
  37     0.016593    99.507     0.011572    99.630    99.670
  38     0.015754    99.547     0.014550    99.540    99.670
  39     0.017475    99.470     0.010053    99.690    99.690
  40     0.017336    99.507     0.010625    99.630    99.690
  41     0.015802    99.550     0.011532    99.710    99.710
  42     0.015546    99.550     0.014031    99.610    99.710
  43     0.014416    99.585     0.010316    99.680    99.710
  44     0.016049    99.468     0.011789    99.610    99.710
  45     0.013566    99.605     0.010769    99.680    99.710
  46     0.015441    99.562     0.011848    99.620    99.710
  47     0.014788    99.553     0.010531    99.710    99.710
  48     0.011167    99.677     0.019238    99.430    99.710
  49     0.013818    99.592     0.011329    99.690    99.710
  50     0.012214    99.658     0.008540    99.760    99.760
  51     0.013534    99.598     0.010525    99.690    99.760
  52     0.012557    99.648     0.010526    99.680    99.760
  53     0.011574    99.670     0.010393    99.680    99.760
  54     0.010985    99.703     0.011640    99.710    99.760
  55     0.010930    99.678     0.010461    99.680    99.760
  56     0.011926    99.662     0.009307    99.760    99.760
  57     0.011161    99.662     0.010026    99.680    99.760
  58     0.010331    99.690     0.011060    99.640    99.760
  59     0.010098    99.735     0.008836    99.700    99.760
  60     0.009910    99.695     0.009282    99.710    99.760
  61     0.010079    99.727     0.008279    99.730    99.760
  62     0.009668    99.737     0.009677    99.730    99.760
  63     0.009125    99.745     0.009245    99.700    99.760
  64     0.008270    99.760     0.010574    99.700    99.760
  65     0.010033    99.712     0.010007    99.690    99.760
  66     0.008744    99.742     0.009775    99.680    99.760
  67     0.007941    99.770     0.010085    99.720    99.760
  68     0.008272    99.763     0.009347    99.700    99.760
  69     0.008550    99.732     0.011736    99.650    99.760
  70     0.008811    99.735     0.010559    99.720    99.760
  71     0.008034    99.770     0.009358    99.730    99.760
  72     0.007907    99.763     0.011230    99.710    99.760
  73     0.008728    99.737     0.010992    99.670    99.760
  74     0.007924    99.777     0.010381    99.670    99.760
  75     0.007974    99.763     0.010221    99.670    99.760
  76     0.006974    99.802     0.009860    99.710    99.760
  77     0.007198    99.783     0.010949    99.680    99.760
  78     0.006834    99.797     0.009133    99.680    99.760
  79     0.007607    99.798     0.009925    99.700    99.760
  80     0.006595    99.810     0.010995    99.670    99.760
  81     0.005526    99.862     0.010292    99.710    99.760
  82     0.006311    99.813     0.011475    99.680    99.760
  83     0.006412    99.817     0.013250    99.630    99.760
  84     0.005972    99.813     0.010426    99.680    99.760
  85     0.006005    99.815     0.012577    99.660    99.760
  86     0.005945    99.837     0.010272    99.780    99.780
  87     0.006120    99.828     0.010002    99.720    99.780
  88     0.005199    99.857     0.010058    99.760    99.780
  89     0.005797    99.850     0.010984    99.710    99.780
  90     0.005503    99.848     0.009934    99.720    99.780
  91     0.004856    99.862     0.012206    99.670    99.780
  92     0.006119    99.832     0.010359    99.700    99.780
  93     0.004881    99.862     0.009798    99.740    99.780
  94     0.005684    99.843     0.010676    99.680    99.780
  95     0.005389    99.850     0.009602    99.760    99.780
  96     0.004952    99.867     0.009973    99.740    99.780
  97     0.004715    99.860     0.008201    99.790    99.790
  98     0.005506    99.825     0.010300    99.690    99.790
  99     0.004456    99.868     0.010507    99.680    99.790
 100     0.004830    99.865     0.011935    99.670    99.790
 101     0.004921    99.857     0.009997    99.740    99.790
 102     0.004100    99.905     0.010264    99.740    99.790
 103     0.004693    99.878     0.010790    99.710    99.790
 104     0.004173    99.870     0.010273    99.740    99.790
 105     0.004089    99.892     0.011327    99.710    99.790
 106     0.004311    99.855     0.012250    99.700    99.790
 107     0.003525    99.915     0.011390    99.690    99.790
 108     0.003617    99.907     0.010531    99.710    99.790
 109     0.003860    99.898     0.011541    99.700    99.790
 110     0.004526    99.887     0.010031    99.710    99.790
 111     0.004668    99.850     0.009901    99.690    99.790
 112     0.004002    99.893     0.011284    99.700    99.790
 113     0.003431    99.893     0.010994    99.690    99.790
 114     0.004156    99.883     0.011320    99.730    99.790
 115     0.003563    99.898     0.012945    99.670    99.790
 116     0.003512    99.910     0.012587    99.650    99.790
 117     0.003835    99.890     0.012052    99.630    99.790
 118     0.004202    99.883     0.011692    99.660    99.790
 119     0.003573    99.905     0.011519    99.670    99.790
 120     0.003825    99.898     0.010527    99.700    99.790
 121     0.003748    99.902     0.011302    99.670    99.790
 122     0.003310    99.893     0.011237    99.670    99.790
 123     0.003451    99.928     0.010690    99.670    99.790
 124     0.003244    99.895     0.012493    99.670    99.790
 125     0.003378    99.912     0.011464    99.690    99.790
 126     0.003028    99.902     0.012299    99.710    99.790
 127     0.003612    99.892     0.012968    99.710    99.790
 128     0.003464    99.895     0.012432    99.720    99.790
 129     0.003445    99.887     0.011575    99.660    99.790
 130     0.002955    99.905     0.011316    99.670    99.790
 131     0.003371    99.915     0.011277    99.720    99.790
 132     0.002789    99.935     0.011995    99.660    99.790
 133     0.003303    99.910     0.012113    99.690    99.790
 134     0.002931    99.923     0.011759    99.670    99.790
 135     0.002925    99.927     0.013341    99.660    99.790
 136     0.002928    99.920     0.013101    99.670    99.790
 137     0.003339    99.907     0.012373    99.700    99.790
 138     0.002205    99.948     0.011596    99.690    99.790
 139     0.002729    99.933     0.012672    99.700    99.790
 140     0.002605    99.925     0.011882    99.710    99.790
 141     0.002766    99.910     0.011187    99.720    99.790
 142     0.002892    99.923     0.010384    99.720    99.790
 143     0.002638    99.927     0.010834    99.700    99.790
 144     0.002547    99.925     0.011027    99.700    99.790
 145     0.002950    99.908     0.011662    99.690    99.790
 146     0.002649    99.928     0.012121    99.650    99.790
 147     0.002476    99.932     0.012095    99.670    99.790
 148     0.002814    99.922     0.012292    99.690    99.790
 149     0.002913    99.920     0.013169    99.700    99.790
