# ModelM7 Training Log - Custom Data Percentage
# Data Percentage: 90% (54000 samples)
# Seed: 59
# Epochs: 150
# Epoch   Train_Loss   Train_Acc   Test_Loss   Test_Acc   Best_Test_Acc   Precision   Recall   F1_Score
   0     0.569285    88.356     0.149894    98.800    98.800    0.9881    0.9878    0.9880
   1     0.228968    96.394     0.111798    99.270    99.270    0.9927    0.9926    0.9927
   2     0.161423    97.069     0.076847    99.090    99.270    0.9910    0.9909    0.9909
   3     0.125144    97.511     0.051279    99.260    99.270    0.9927    0.9924    0.9925
   4     0.104347    97.761     0.074558    98.870    99.270    0.9885    0.9887    0.9885
   5     0.090195    97.933     0.041906    99.200    99.270    0.9918    0.9921    0.9919
   6     0.082447    98.050     0.074987    98.890    99.270    0.9890    0.9888    0.9889
   7     0.073733    98.124     0.037445    99.520    99.520    0.9951    0.9951    0.9951
   8     0.067135    98.300     0.029630    99.330    99.520    0.9934    0.9932    0.9932
   9     0.063233    98.346     0.105290    97.470    99.520    0.9762    0.9753    0.9749
  10     0.058916    98.467     0.127568    96.930    99.520    0.9720    0.9704    0.9699
  11     0.054660    98.517     0.031710    99.380    99.520    0.9938    0.9937    0.9938
  12     0.053336    98.552     0.064592    98.260    99.520    0.9829    0.9834    0.9829
  13     0.050176    98.607     0.032500    99.290    99.520    0.9930    0.9928    0.9929
  14     0.047846    98.639     0.030999    99.370    99.520    0.9937    0.9936    0.9937
  15     0.044035    98.804     0.018696    99.560    99.560    0.9956    0.9955    0.9955
  16     0.042264    98.807     0.017730    99.530    99.560    0.9953    0.9952    0.9952
  17     0.042258    98.809     0.028212    99.430    99.560    0.9943    0.9941    0.9942
  18     0.039580    98.930     0.033374    99.180    99.560    0.9918    0.9920    0.9918
  19     0.039279    98.846     0.021555    99.520    99.560    0.9952    0.9951    0.9952
  20     0.038843    98.881     0.014240    99.640    99.640    0.9964    0.9963    0.9964
  21     0.035053    98.996     0.028427    99.260    99.640    0.9925    0.9928    0.9926
  22     0.034385    99.024     0.023876    99.380    99.640    0.9937    0.9939    0.9938
  23     0.033962    98.965     0.018813    99.410    99.640    0.9942    0.9940    0.9941
  24     0.031229    99.120     0.015990    99.530    99.640    0.9953    0.9952    0.9953
  25     0.030679    99.063     0.019454    99.490    99.640    0.9949    0.9948    0.9949
  26     0.028616    99.156     0.016273    99.580    99.640    0.9959    0.9956    0.9957
  27     0.029151    99.094     0.018120    99.550    99.640    0.9954    0.9956    0.9955
  28     0.028823    99.152     0.013660    99.610    99.640    0.9961    0.9960    0.9960
  29     0.026333    99.231     0.013614    99.650    99.650    0.9964    0.9964    0.9964
  30     0.026393    99.243     0.015919    99.540    99.650    0.9954    0.9953    0.9953
  31     0.025829    99.248     0.016055    99.570    99.650    0.9957    0.9956    0.9957
  32     0.022730    99.367     0.019913    99.450    99.650    0.9946    0.9943    0.9944
  33     0.024616    99.270     0.013364    99.600    99.650    0.9960    0.9959    0.9959
  34     0.025832    99.274     0.015510    99.580    99.650    0.9958    0.9957    0.9957
  35     0.021171    99.383     0.013682    99.590    99.650    0.9959    0.9958    0.9958
  36     0.022586    99.317     0.018682    99.400    99.650    0.9941    0.9938    0.9939
  37     0.023819    99.298     0.015443    99.630    99.650    0.9963    0.9963    0.9963
  38     0.020715    99.393     0.016031    99.570    99.650    0.9957    0.9956    0.9956
  39     0.022654    99.324     0.011983    99.640    99.650    0.9964    0.9963    0.9964
  40     0.020273    99.420     0.011544    99.650    99.650    0.9965    0.9964    0.9964
  41     0.019403    99.415     0.011963    99.650    99.650    0.9965    0.9964    0.9965
  42     0.017861    99.481     0.012755    99.640    99.650    0.9964    0.9963    0.9963
  43     0.018480    99.443     0.012674    99.620    99.650    0.9962    0.9961    0.9962
  44     0.018228    99.470     0.012054    99.680    99.680    0.9968    0.9967    0.9968
  45     0.017593    99.481     0.012731    99.640    99.680    0.9964    0.9963    0.9964
  46     0.018395    99.463     0.011073    99.670    99.680    0.9967    0.9967    0.9967
  47     0.018073    99.487     0.011553    99.640    99.680    0.9964    0.9963    0.9964
  48     0.016683    99.506     0.014832    99.520    99.680    0.9952    0.9951    0.9951
  49     0.017062    99.493     0.011361    99.640    99.680    0.9964    0.9963    0.9963
  50     0.017171    99.476     0.011350    99.700    99.700    0.9970    0.9969    0.9970
  51     0.014740    99.535     0.014711    99.520    99.700    0.9953    0.9952    0.9952
  52     0.016221    99.528     0.011199    99.650    99.700    0.9965    0.9964    0.9964
  53     0.015787    99.520     0.012344    99.600    99.700    0.9960    0.9959    0.9960
  54     0.015494    99.570     0.013015    99.590    99.700    0.9959    0.9958    0.9959
  55     0.015021    99.537     0.010745    99.650    99.700    0.9965    0.9964    0.9965
  56     0.013538    99.606     0.011746    99.610    99.700    0.9961    0.9960    0.9961
  57     0.013777    99.607     0.013926    99.600    99.700    0.9960    0.9959    0.9959
  58     0.013073    99.628     0.013118    99.670    99.700    0.9967    0.9966    0.9966
  59     0.012522    99.619     0.012085    99.630    99.700    0.9963    0.9962    0.9962
  60     0.013640    99.569     0.011442    99.630    99.700    0.9963    0.9962    0.9963
  61     0.013637    99.578     0.009662    99.720    99.720    0.9972    0.9971    0.9972
  62     0.012269    99.652     0.012859    99.620    99.720    0.9963    0.9961    0.9962
  63     0.011860    99.656     0.011530    99.690    99.720    0.9969    0.9968    0.9969
  64     0.011634    99.681     0.010409    99.610    99.720    0.9961    0.9960    0.9961
  65     0.011552    99.672     0.011031    99.620    99.720    0.9962    0.9961    0.9962
  66     0.011329    99.656     0.011255    99.680    99.720    0.9968    0.9968    0.9968
  67     0.010749    99.680     0.010940    99.670    99.720    0.9967    0.9966    0.9967
  68     0.012046    99.650     0.010963    99.640    99.720    0.9964    0.9963    0.9963
  69     0.009541    99.728     0.010964    99.660    99.720    0.9966    0.9965    0.9965
  70     0.010067    99.700     0.009485    99.730    99.730    0.9973    0.9972    0.9973
  71     0.010403    99.656     0.013001    99.610    99.730    0.9961    0.9960    0.9961
  72     0.010702    99.672     0.010290    99.680    99.730    0.9968    0.9967    0.9967
  73     0.010707    99.683     0.010871    99.610    99.730    0.9961    0.9960    0.9961
  74     0.009643    99.706     0.009753    99.700    99.730    0.9970    0.9969    0.9970
  75     0.009529    99.693     0.010537    99.720    99.730    0.9972    0.9972    0.9972
  76     0.009861    99.709     0.010374    99.670    99.730    0.9967    0.9966    0.9967
  77     0.010161    99.700     0.010963    99.620    99.730    0.9962    0.9961    0.9962
  78     0.009628    99.713     0.011684    99.650    99.730    0.9965    0.9964    0.9965
  79     0.008491    99.743     0.010568    99.670    99.730    0.9967    0.9966    0.9967
  80     0.008044    99.759     0.012107    99.670    99.730    0.9967    0.9966    0.9967
  81     0.008421    99.757     0.010539    99.700    99.730    0.9970    0.9969    0.9970
  82     0.007882    99.737     0.010972    99.660    99.730    0.9966    0.9965    0.9966
  83     0.008337    99.765     0.009865    99.690    99.730    0.9969    0.9968    0.9969
  84     0.008553    99.744     0.010925    99.650    99.730    0.9965    0.9964    0.9965
  85     0.007516    99.785     0.010626    99.690    99.730    0.9969    0.9968    0.9969
  86     0.007892    99.776     0.016439    99.510    99.730    0.9952    0.9950    0.9951
  87     0.007962    99.774     0.011343    99.630    99.730    0.9963    0.9962    0.9963
  88     0.007401    99.794     0.011624    99.650    99.730    0.9966    0.9964    0.9965
  89     0.007561    99.772     0.012200    99.560    99.730    0.9956    0.9955    0.9956
  90     0.007354    99.789     0.011388    99.610    99.730    0.9961    0.9960    0.9961
  91     0.007158    99.791     0.011397    99.640    99.730    0.9964    0.9963    0.9963
  92     0.007146    99.770     0.010866    99.640    99.730    0.9964    0.9963    0.9964
  93     0.006377    99.815     0.010692    99.650    99.730    0.9965    0.9964    0.9965
  94     0.006221    99.804     0.011393    99.580    99.730    0.9958    0.9957    0.9957
  95     0.006673    99.813     0.010534    99.620    99.730    0.9962    0.9961    0.9961
  96     0.007310    99.791     0.011625    99.660    99.730    0.9966    0.9965    0.9966
  97     0.007856    99.754     0.010404    99.640    99.730    0.9964    0.9964    0.9964
  98     0.006924    99.809     0.011083    99.620    99.730    0.9962    0.9961    0.9962
  99     0.006127    99.835     0.010808    99.640    99.730    0.9964    0.9963    0.9964
 100     0.006678    99.815     0.010244    99.680    99.730    0.9968    0.9967    0.9968
 101     0.006337    99.809     0.010760    99.690    99.730    0.9969    0.9968    0.9969
 102     0.006421    99.809     0.012650    99.590    99.730    0.9960    0.9958    0.9959
 103     0.006432    99.831     0.011498    99.720    99.730    0.9972    0.9971    0.9972
 104     0.006570    99.815     0.010682    99.670    99.730    0.9967    0.9966    0.9967
 105     0.006342    99.826     0.011192    99.670    99.730    0.9967    0.9966    0.9967
 106     0.006263    99.819     0.010427    99.710    99.730    0.9971    0.9970    0.9971
 107     0.006472    99.800     0.011223    99.670    99.730    0.9967    0.9966    0.9967
 108     0.005501    99.852     0.011104    99.670    99.730    0.9967    0.9966    0.9967
 109     0.006768    99.783     0.010910    99.640    99.730    0.9964    0.9963    0.9963
 110     0.005470    99.844     0.010884    99.680    99.730    0.9968    0.9967    0.9968
 111     0.005484    99.846     0.011991    99.630    99.730    0.9963    0.9962    0.9963
 112     0.005685    99.839     0.012882    99.630    99.730    0.9963    0.9962    0.9963
 113     0.005498    99.844     0.011574    99.650    99.730    0.9965    0.9964    0.9965
 114     0.005642    99.833     0.010763    99.660    99.730    0.9966    0.9966    0.9966
 115     0.004888    99.854     0.010486    99.700    99.730    0.9970    0.9969    0.9970
 116     0.005424    99.859     0.011072    99.660    99.730    0.9966    0.9965    0.9966
 117     0.005822    99.815     0.011174    99.660    99.730    0.9966    0.9965    0.9966
 118     0.004986    99.857     0.011201    99.640    99.730    0.9964    0.9963    0.9964
 119     0.005480    99.863     0.011247    99.620    99.730    0.9962    0.9961    0.9962
 120     0.004687    99.854     0.011357    99.660    99.730    0.9966    0.9965    0.9966
 121     0.005389    99.846     0.011378    99.620    99.730    0.9962    0.9961    0.9961
 122     0.004910    99.861     0.010740    99.650    99.730    0.9965    0.9964    0.9965
 123     0.004504    99.867     0.011734    99.640    99.730    0.9964    0.9963    0.9964
 124     0.004656    99.878     0.010930    99.710    99.730    0.9971    0.9970    0.9971
 125     0.005196    99.852     0.011185    99.650    99.730    0.9965    0.9964    0.9965
 126     0.004672    99.863     0.011254    99.650    99.730    0.9965    0.9964    0.9965
 127     0.004985    99.865     0.011574    99.660    99.730    0.9966    0.9965    0.9966
 128     0.004970    99.870     0.012054    99.690    99.730    0.9969    0.9968    0.9969
 129     0.004587    99.856     0.012415    99.660    99.730    0.9966    0.9965    0.9966
 130     0.004675    99.867     0.013364    99.640    99.730    0.9964    0.9963    0.9964
 131     0.004692    99.872     0.010830    99.720    99.730    0.9972    0.9971    0.9972
 132     0.004230    99.889     0.012616    99.650    99.730    0.9965    0.9964    0.9965
 133     0.004520    99.893     0.012460    99.620    99.730    0.9962    0.9961    0.9962
 134     0.004011    99.881     0.011580    99.670    99.730    0.9967    0.9966    0.9967
 135     0.004113    99.885     0.011172    99.680    99.730    0.9968    0.9967    0.9968
 136     0.004647    99.854     0.012005    99.670    99.730    0.9967    0.9966    0.9967
 137     0.003622    99.906     0.011663    99.670    99.730    0.9967    0.9966    0.9967
 138     0.004617    99.859     0.011769    99.690    99.730    0.9969    0.9968    0.9969
 139     0.004129    99.878     0.011755    99.680    99.730    0.9968    0.9967    0.9968
 140     0.004500    99.881     0.011504    99.690    99.730    0.9969    0.9968    0.9969
 141     0.003980    99.896     0.010844    99.720    99.730    0.9972    0.9971    0.9972
 142     0.004586    99.881     0.011643    99.690    99.730    0.9969    0.9968    0.9969
 143     0.004918    99.857     0.011956    99.680    99.730    0.9968    0.9967    0.9967
 144     0.003895    99.894     0.011362    99.650    99.730    0.9965    0.9964    0.9965
 145     0.004304    99.883     0.011681    99.670    99.730    0.9967    0.9966    0.9966
 146     0.004443    99.880     0.012132    99.640    99.730    0.9964    0.9963    0.9964
 147     0.003844    99.893     0.011120    99.650    99.730    0.9965    0.9964    0.9965
 148     0.003670    99.889     0.011523    99.670    99.730    0.9967    0.9966    0.9967
 149     0.004295    99.876     0.012036    99.670    99.730    0.9967    0.9966    0.9966
