# ModelM7 Training Log - Custom Data Percentage
# Data Percentage: 15% (9000 samples)
# Seed: 44
# Epochs: 150
# Epoch   Train_Loss   Train_Acc   Test_Loss   Test_Acc   Best_Test_Acc   Precision   Recall   F1_Score
   0     1.211190    66.233     0.405935    95.060    95.060    0.9508    0.9502    0.9502
   1     0.646202    87.878     0.284771    97.460    97.460    0.9747    0.9746    0.9745
   2     0.492365    92.267     0.218651    98.050    98.050    0.9803    0.9806    0.9804
   3     0.404392    93.822     0.189968    98.450    98.450    0.9844    0.9846    0.9844
   4     0.353632    95.000     0.206030    98.450    98.450    0.9843    0.9846    0.9844
   5     0.315169    95.456     0.172885    98.540    98.540    0.9853    0.9854    0.9853
   6     0.279437    95.944     0.157608    99.030    99.030    0.9903    0.9902    0.9902
   7     0.245841    96.767     0.133498    98.950    99.030    0.9894    0.9895    0.9894
   8     0.235196    96.567     0.142010    98.890    99.030    0.9888    0.9889    0.9888
   9     0.212687    96.956     0.132810    99.070    99.070    0.9907    0.9906    0.9906
  10     0.198005    97.078     0.091631    99.090    99.090    0.9908    0.9908    0.9908
  11     0.182385    97.400     0.101265    99.000    99.090    0.9900    0.9900    0.9900
  12     0.173506    97.333     0.091179    99.140    99.140    0.9915    0.9913    0.9914
  13     0.159098    97.689     0.086741    99.190    99.190    0.9920    0.9918    0.9919
  14     0.153318    97.711     0.114979    98.680    99.190    0.9868    0.9868    0.9867
  15     0.147811    97.578     0.073657    99.130    99.190    0.9913    0.9912    0.9913
  16     0.141654    97.889     0.085742    99.040    99.190    0.9905    0.9905    0.9904
  17     0.138334    97.700     0.096824    98.960    99.190    0.9896    0.9897    0.9896
  18     0.129160    97.856     0.065924    99.060    99.190    0.9907    0.9905    0.9906
  19     0.121908    98.011     0.063310    99.220    99.220    0.9922    0.9922    0.9922
  20     0.114908    98.122     0.100819    98.480    99.220    0.9854    0.9847    0.9847
  21     0.108595    98.256     0.054776    99.320    99.320    0.9932    0.9932    0.9932
  22     0.111254    98.133     0.089891    98.800    99.320    0.9881    0.9880    0.9879
  23     0.103651    98.233     0.049994    99.310    99.320    0.9931    0.9930    0.9930
  24     0.098780    98.478     0.058054    99.310    99.320    0.9931    0.9931    0.9931
  25     0.091933    98.578     0.056669    99.280    99.320    0.9928    0.9927    0.9928
  26     0.095375    98.244     0.052619    99.300    99.320    0.9929    0.9929    0.9929
  27     0.085128    98.533     0.066875    99.050    99.320    0.9905    0.9905    0.9904
  28     0.082936    98.611     0.058119    99.000    99.320    0.9901    0.9899    0.9900
  29     0.085136    98.600     0.047905    99.310    99.320    0.9931    0.9930    0.9931
  30     0.088104    98.333     0.063849    99.140    99.320    0.9914    0.9914    0.9914
  31     0.075430    98.856     0.052438    99.220    99.320    0.9922    0.9922    0.9922
  32     0.075538    98.533     0.047803    99.200    99.320    0.9919    0.9919    0.9919
  33     0.070136    98.844     0.047691    99.320    99.320    0.9932    0.9931    0.9932
  34     0.075267    98.689     0.049923    99.160    99.320    0.9916    0.9916    0.9916
  35     0.068678    98.800     0.048253    99.110    99.320    0.9911    0.9910    0.9910
  36     0.073583    98.767     0.064295    98.970    99.320    0.9898    0.9896    0.9896
  37     0.064918    98.900     0.054129    99.110    99.320    0.9912    0.9910    0.9910
  38     0.060975    99.056     0.044664    99.130    99.320    0.9914    0.9911    0.9913
  39     0.059974    98.989     0.060218    98.890    99.320    0.9890    0.9889    0.9889
  40     0.062126    98.800     0.053348    99.170    99.320    0.9917    0.9917    0.9917
  41     0.059672    98.889     0.038057    99.370    99.370    0.9937    0.9937    0.9937
  42     0.052349    99.200     0.038243    99.310    99.370    0.9931    0.9931    0.9931
  43     0.054225    99.111     0.039936    99.260    99.370    0.9925    0.9925    0.9925
  44     0.053588    99.144     0.051985    98.980    99.370    0.9898    0.9899    0.9897
  45     0.052623    99.111     0.036498    99.270    99.370    0.9926    0.9926    0.9926
  46     0.046732    99.367     0.033201    99.310    99.370    0.9931    0.9930    0.9930
  47     0.050299    99.022     0.037903    99.240    99.370    0.9924    0.9922    0.9923
  48     0.048367    99.089     0.035862    99.260    99.370    0.9927    0.9925    0.9925
  49     0.048970    98.989     0.034747    99.330    99.370    0.9933    0.9933    0.9932
  50     0.044703    99.278     0.045894    99.050    99.370    0.9907    0.9905    0.9905
  51     0.048182    99.033     0.034658    99.390    99.390    0.9939    0.9939    0.9939
  52     0.044809    99.278     0.037587    99.150    99.390    0.9917    0.9914    0.9915
  53     0.042182    99.289     0.030669    99.390    99.390    0.9939    0.9938    0.9938
  54     0.041181    99.233     0.034368    99.350    99.390    0.9935    0.9935    0.9935
  55     0.041112    99.311     0.035593    99.330    99.390    0.9933    0.9932    0.9932
  56     0.040801    99.289     0.031704    99.260    99.390    0.9924    0.9925    0.9925
  57     0.038082    99.444     0.028076    99.320    99.390    0.9930    0.9932    0.9931
  58     0.038741    99.244     0.031878    99.300    99.390    0.9929    0.9930    0.9930
  59     0.036772    99.322     0.029635    99.340    99.390    0.9933    0.9933    0.9933
  60     0.036805    99.400     0.029534    99.380    99.390    0.9936    0.9938    0.9937
  61     0.039614    99.244     0.041225    99.020    99.390    0.9901    0.9902    0.9901
  62     0.035950    99.367     0.029920    99.420    99.420    0.9942    0.9941    0.9941
  63     0.037692    99.311     0.032535    99.310    99.420    0.9930    0.9931    0.9930
  64     0.037316    99.256     0.029567    99.250    99.420    0.9925    0.9924    0.9924
  65     0.033610    99.344     0.028316    99.410    99.420    0.9940    0.9940    0.9940
  66     0.034188    99.456     0.026868    99.410    99.420    0.9941    0.9940    0.9940
  67     0.033458    99.300     0.026374    99.390    99.420    0.9939    0.9938    0.9939
  68     0.032213    99.433     0.024832    99.410    99.420    0.9941    0.9940    0.9941
  69     0.029985    99.556     0.025566    99.460    99.460    0.9946    0.9945    0.9945
  70     0.029432    99.456     0.027393    99.330    99.460    0.9934    0.9932    0.9933
  71     0.025829    99.611     0.031055    99.250    99.460    0.9926    0.9924    0.9925
  72     0.024342    99.689     0.027090    99.360    99.460    0.9936    0.9935    0.9936
  73     0.030201    99.433     0.024750    99.390    99.460    0.9939    0.9938    0.9938
  74     0.025983    99.511     0.025459    99.410    99.460    0.9941    0.9940    0.9941
  75     0.028267    99.533     0.028438    99.360    99.460    0.9936    0.9935    0.9935
  76     0.027502    99.522     0.026285    99.390    99.460    0.9939    0.9938    0.9938
  77     0.025933    99.600     0.023978    99.430    99.460    0.9943    0.9942    0.9943
  78     0.028752    99.511     0.024895    99.420    99.460    0.9942    0.9941    0.9941
  79     0.022014    99.711     0.028830    99.360    99.460    0.9936    0.9935    0.9936
  80     0.023622    99.578     0.025064    99.380    99.460    0.9939    0.9937    0.9938
  81     0.022865    99.667     0.024849    99.380    99.460    0.9939    0.9937    0.9938
  82     0.021673    99.744     0.026317    99.440    99.460    0.9944    0.9943    0.9943
  83     0.023009    99.633     0.029963    99.280    99.460    0.9929    0.9927    0.9928
  84     0.024620    99.633     0.026668    99.380    99.460    0.9938    0.9938    0.9938
  85     0.020015    99.767     0.025192    99.390    99.460    0.9938    0.9939    0.9939
  86     0.024538    99.522     0.025033    99.420    99.460    0.9941    0.9942    0.9941
  87     0.022160    99.644     0.025565    99.400    99.460    0.9940    0.9939    0.9940
  88     0.022132    99.644     0.024084    99.420    99.460    0.9942    0.9942    0.9942
  89     0.018888    99.744     0.022924    99.470    99.470    0.9947    0.9946    0.9947
  90     0.022356    99.600     0.030499    99.280    99.470    0.9928    0.9927    0.9927
  91     0.019720    99.700     0.024388    99.450    99.470    0.9945    0.9944    0.9944
  92     0.017682    99.689     0.023790    99.490    99.490    0.9949    0.9948    0.9948
  93     0.018390    99.733     0.025188    99.420    99.490    0.9942    0.9941    0.9942
  94     0.019462    99.700     0.026784    99.410    99.490    0.9942    0.9940    0.9941
  95     0.019954    99.600     0.032513    99.180    99.490    0.9920    0.9916    0.9918
  96     0.022280    99.544     0.026234    99.400    99.490    0.9940    0.9939    0.9939
  97     0.019571    99.689     0.027162    99.340    99.490    0.9935    0.9933    0.9934
  98     0.020000    99.656     0.030055    99.320    99.490    0.9932    0.9931    0.9931
  99     0.017629    99.733     0.025547    99.440    99.490    0.9944    0.9943    0.9944
 100     0.017918    99.778     0.027737    99.340    99.490    0.9934    0.9933    0.9933
 101     0.018531    99.656     0.029248    99.320    99.490    0.9932    0.9931    0.9931
 102     0.017256    99.744     0.024347    99.370    99.490    0.9937    0.9936    0.9936
 103     0.015587    99.744     0.023953    99.440    99.490    0.9944    0.9943    0.9943
 104     0.016904    99.756     0.026588    99.380    99.490    0.9938    0.9937    0.9937
 105     0.015678    99.800     0.028420    99.330    99.490    0.9934    0.9932    0.9932
 106     0.018486    99.678     0.022832    99.500    99.500    0.9950    0.9949    0.9949
 107     0.014542    99.833     0.023983    99.450    99.500    0.9945    0.9944    0.9944
 108     0.014118    99.822     0.019832    99.550    99.550    0.9955    0.9954    0.9955
 109     0.016216    99.733     0.022389    99.510    99.550    0.9951    0.9951    0.9950
 110     0.016386    99.756     0.021557    99.550    99.550    0.9955    0.9954    0.9954
 111     0.016290    99.689     0.021053    99.530    99.550    0.9953    0.9952    0.9952
 112     0.013513    99.833     0.021315    99.510    99.550    0.9950    0.9951    0.9950
 113     0.015605    99.711     0.024878    99.430    99.550    0.9942    0.9943    0.9942
 114     0.014608    99.800     0.022331    99.500    99.550    0.9950    0.9949    0.9950
 115     0.014125    99.811     0.020868    99.530    99.550    0.9953    0.9952    0.9952
 116     0.012216    99.811     0.020869    99.520    99.550    0.9952    0.9951    0.9952
 117     0.013956    99.778     0.022433    99.420    99.550    0.9941    0.9942    0.9942
 118     0.014249    99.822     0.020532    99.500    99.550    0.9949    0.9950    0.9950
 119     0.012420    99.867     0.020956    99.500    99.550    0.9950    0.9949    0.9950
 120     0.013647    99.811     0.020270    99.510    99.550    0.9951    0.9950    0.9950
 121     0.012991    99.822     0.020926    99.510    99.550    0.9951    0.9950    0.9951
 122     0.012880    99.867     0.020160    99.510    99.550    0.9951    0.9950    0.9950
 123     0.011543    99.811     0.023093    99.440    99.550    0.9944    0.9944    0.9944
 124     0.011817    99.844     0.020580    99.460    99.550    0.9946    0.9945    0.9945
 125     0.010975    99.867     0.019603    99.530    99.550    0.9953    0.9952    0.9953
 126     0.011566    99.856     0.020342    99.550    99.550    0.9955    0.9954    0.9955
 127     0.009850    99.933     0.020718    99.490    99.550    0.9949    0.9949    0.9949
 128     0.010694    99.878     0.020704    99.490    99.550    0.9949    0.9948    0.9949
 129     0.009095    99.933     0.020718    99.520    99.550    0.9952    0.9951    0.9952
 130     0.013134    99.778     0.020222    99.540    99.550    0.9954    0.9953    0.9954
 131     0.011018    99.867     0.021233    99.500    99.550    0.9950    0.9949    0.9950
 132     0.011600    99.800     0.021680    99.440    99.550    0.9944    0.9943    0.9944
 133     0.011298    99.867     0.023639    99.420    99.550    0.9942    0.9941    0.9942
 134     0.010701    99.889     0.024340    99.340    99.550    0.9934    0.9933    0.9933
 135     0.010316    99.889     0.021823    99.420    99.550    0.9942    0.9941    0.9942
 136     0.011743    99.844     0.021515    99.480    99.550    0.9948    0.9947    0.9947
 137     0.010259    99.900     0.020951    99.490    99.550    0.9949    0.9948    0.9949
 138     0.008918    99.944     0.019711    99.540    99.550    0.9954    0.9954    0.9954
 139     0.010230    99.878     0.023395    99.370    99.550    0.9937    0.9937    0.9936
 140     0.008847    99.922     0.021085    99.430    99.550    0.9942    0.9943    0.9943
 141     0.009040    99.856     0.021293    99.430    99.550    0.9943    0.9943    0.9943
 142     0.010761    99.878     0.021703    99.490    99.550    0.9949    0.9949    0.9949
 143     0.011623    99.833     0.022685    99.460    99.550    0.9946    0.9946    0.9946
 144     0.008786    99.956     0.023497    99.390    99.550    0.9938    0.9939    0.9939
 145     0.008995    99.900     0.022212    99.450    99.550    0.9945    0.9945    0.9945
 146     0.008732    99.911     0.022479    99.430    99.550    0.9943    0.9942    0.9943
 147     0.010525    99.856     0.021959    99.510    99.550    0.9951    0.9950    0.9951
 148     0.009704    99.900     0.022274    99.490    99.550    0.9949    0.9948    0.9948
 149     0.009370    99.889     0.022526    99.460    99.550    0.9946    0.9946    0.9946
