# ModelM7 Training Log - Custom Data Percentage
# Data Percentage: 85% (51000 samples)
# Seed: 58
# Epochs: 150
# Epoch   Train_Loss   Train_Acc   Test_Loss   Test_Acc   Best_Test_Acc   Precision   Recall   F1_Score
   0     0.584297    87.973     0.149523    98.830    98.830    0.9884    0.9882    0.9883
   1     0.240226    96.286     0.131809    98.860    98.860    0.9885    0.9887    0.9886
   2     0.160577    97.200     0.064774    99.400    99.400    0.9940    0.9939    0.9939
   3     0.127383    97.553     0.116859    97.820    99.400    0.9795    0.9771    0.9774
   4     0.105979    97.786     0.130159    97.180    99.400    0.9754    0.9720    0.9724
   5     0.094936    97.839     0.044694    99.410    99.410    0.9941    0.9940    0.9941
   6     0.086569    97.965     0.039872    99.340    99.410    0.9935    0.9933    0.9934
   7     0.078146    98.047     0.071334    98.670    99.410    0.9870    0.9865    0.9866
   8     0.068668    98.312     0.103492    97.940    99.410    0.9802    0.9799    0.9796
   9     0.063433    98.371     0.046534    99.220    99.410    0.9920    0.9924    0.9922
  10     0.061350    98.451     0.039388    99.280    99.410    0.9927    0.9929    0.9928
  11     0.058369    98.441     0.038760    99.180    99.410    0.9918    0.9918    0.9917
  12     0.052987    98.584     0.051471    98.970    99.410    0.9898    0.9899    0.9897
  13     0.051297    98.625     0.058338    98.840    99.410    0.9886    0.9886    0.9884
  14     0.049804    98.657     0.030632    99.390    99.410    0.9940    0.9938    0.9938
  15     0.046102    98.657     0.026134    99.470    99.470    0.9945    0.9947    0.9946
  16     0.043514    98.794     0.021114    99.540    99.540    0.9954    0.9953    0.9954
  17     0.042600    98.831     0.019979    99.520    99.540    0.9952    0.9951    0.9952
  18     0.039894    98.918     0.020433    99.520    99.540    0.9952    0.9952    0.9952
  19     0.040842    98.837     0.113024    96.910    99.540    0.9726    0.9709    0.9701
  20     0.038007    98.916     0.023489    99.360    99.540    0.9935    0.9937    0.9936
  21     0.036284    98.992     0.017277    99.590    99.590    0.9958    0.9958    0.9958
  22     0.034756    99.004     0.024870    99.400    99.590    0.9939    0.9939    0.9939
  23     0.034043    99.035     0.029776    99.150    99.590    0.9916    0.9915    0.9915
  24     0.033208    99.018     0.016670    99.590    99.590    0.9959    0.9958    0.9958
  25     0.033147    99.080     0.013824    99.600    99.600    0.9960    0.9959    0.9960
  26     0.030204    99.157     0.017895    99.490    99.600    0.9950    0.9948    0.9949
  27     0.031837    99.094     0.014706    99.570    99.600    0.9957    0.9956    0.9956
  28     0.029013    99.163     0.014126    99.590    99.600    0.9959    0.9958    0.9959
  29     0.027090    99.196     0.014988    99.610    99.610    0.9960    0.9961    0.9961
  30     0.029154    99.157     0.015597    99.610    99.610    0.9960    0.9962    0.9961
  31     0.024866    99.271     0.020571    99.420    99.610    0.9942    0.9941    0.9942
  32     0.024879    99.335     0.018711    99.450    99.610    0.9946    0.9944    0.9945
  33     0.023837    99.302     0.014461    99.570    99.610    0.9958    0.9956    0.9957
  34     0.023512    99.310     0.012419    99.650    99.650    0.9965    0.9965    0.9965
  35     0.025194    99.298     0.011698    99.720    99.720    0.9972    0.9972    0.9972
  36     0.023785    99.333     0.016174    99.510    99.720    0.9950    0.9951    0.9950
  37     0.022929    99.361     0.027445    99.160    99.720    0.9917    0.9919    0.9917
  38     0.021153    99.400     0.012116    99.710    99.720    0.9971    0.9970    0.9971
  39     0.020054    99.422     0.013035    99.590    99.720    0.9959    0.9958    0.9959
  40     0.019809    99.414     0.012531    99.590    99.720    0.9959    0.9958    0.9958
  41     0.021551    99.390     0.012328    99.580    99.720    0.9958    0.9957    0.9958
  42     0.019845    99.429     0.013596    99.630    99.720    0.9962    0.9963    0.9962
  43     0.019926    99.424     0.012499    99.580    99.720    0.9958    0.9958    0.9958
  44     0.018440    99.459     0.012632    99.650    99.720    0.9965    0.9964    0.9965
  45     0.019554    99.439     0.011329    99.660    99.720    0.9966    0.9965    0.9966
  46     0.018291    99.455     0.013104    99.570    99.720    0.9957    0.9957    0.9957
  47     0.016916    99.522     0.012717    99.650    99.720    0.9965    0.9965    0.9965
  48     0.016694    99.541     0.014435    99.570    99.720    0.9957    0.9956    0.9957
  49     0.018191    99.476     0.010968    99.700    99.720    0.9970    0.9970    0.9970
  50     0.015292    99.557     0.010429    99.650    99.720    0.9965    0.9965    0.9965
  51     0.015447    99.555     0.012013    99.650    99.720    0.9965    0.9964    0.9965
  52     0.015794    99.553     0.010238    99.710    99.720    0.9971    0.9970    0.9971
  53     0.015666    99.525     0.014049    99.550    99.720    0.9956    0.9955    0.9955
  54     0.015683    99.557     0.014986    99.560    99.720    0.9955    0.9956    0.9955
  55     0.015020    99.569     0.012889    99.650    99.720    0.9965    0.9964    0.9965
  56     0.012667    99.641     0.011393    99.710    99.720    0.9971    0.9970    0.9971
  57     0.015214    99.567     0.014035    99.610    99.720    0.9961    0.9961    0.9961
  58     0.014287    99.598     0.011389    99.660    99.720    0.9966    0.9966    0.9966
  59     0.014025    99.610     0.014490    99.600    99.720    0.9961    0.9959    0.9960
  60     0.012417    99.659     0.012691    99.660    99.720    0.9966    0.9965    0.9966
  61     0.012362    99.663     0.012611    99.690    99.720    0.9970    0.9968    0.9969
  62     0.013191    99.620     0.012675    99.650    99.720    0.9965    0.9964    0.9965
  63     0.013325    99.604     0.011050    99.590    99.720    0.9959    0.9958    0.9959
  64     0.012152    99.639     0.010502    99.650    99.720    0.9965    0.9965    0.9965
  65     0.012720    99.614     0.012296    99.550    99.720    0.9955    0.9955    0.9955
  66     0.010937    99.688     0.011841    99.620    99.720    0.9962    0.9962    0.9962
  67     0.012215    99.631     0.012941    99.600    99.720    0.9960    0.9960    0.9960
  68     0.011550    99.706     0.013234    99.630    99.720    0.9963    0.9962    0.9963
  69     0.010711    99.671     0.012172    99.640    99.720    0.9964    0.9963    0.9964
  70     0.011291    99.669     0.010282    99.640    99.720    0.9964    0.9964    0.9964
  71     0.010742    99.692     0.011649    99.680    99.720    0.9968    0.9967    0.9968
  72     0.010406    99.678     0.011589    99.720    99.720    0.9972    0.9972    0.9972
  73     0.010717    99.708     0.012138    99.680    99.720    0.9968    0.9967    0.9968
  74     0.010350    99.710     0.012834    99.620    99.720    0.9962    0.9961    0.9962
  75     0.009840    99.712     0.012252    99.630    99.720    0.9963    0.9962    0.9963
  76     0.010074    99.718     0.012020    99.620    99.720    0.9962    0.9962    0.9962
  77     0.009149    99.743     0.012579    99.640    99.720    0.9964    0.9963    0.9964
  78     0.010037    99.708     0.011642    99.630    99.720    0.9963    0.9963    0.9963
  79     0.009159    99.718     0.011838    99.640    99.720    0.9964    0.9963    0.9964
  80     0.008907    99.729     0.011319    99.650    99.720    0.9965    0.9964    0.9965
  81     0.008344    99.757     0.012461    99.610    99.720    0.9961    0.9960    0.9960
  82     0.009125    99.718     0.010801    99.680    99.720    0.9968    0.9968    0.9968
  83     0.009050    99.733     0.010825    99.720    99.720    0.9972    0.9972    0.9972
  84     0.008936    99.735     0.011653    99.660    99.720    0.9966    0.9966    0.9966
  85     0.008861    99.729     0.013136    99.640    99.720    0.9964    0.9964    0.9964
  86     0.006891    99.814     0.011921    99.700    99.720    0.9970    0.9969    0.9970
  87     0.008335    99.763     0.011539    99.680    99.720    0.9968    0.9968    0.9968
  88     0.008641    99.757     0.011742    99.650    99.720    0.9965    0.9964    0.9965
  89     0.007983    99.782     0.012601    99.570    99.720    0.9957    0.9957    0.9957
  90     0.008386    99.769     0.013327    99.600    99.720    0.9960    0.9959    0.9960
  91     0.008017    99.767     0.011878    99.670    99.720    0.9967    0.9967    0.9967
  92     0.007776    99.784     0.011510    99.700    99.720    0.9970    0.9970    0.9970
  93     0.007486    99.796     0.011297    99.690    99.720    0.9969    0.9969    0.9969
  94     0.007071    99.784     0.011522    99.680    99.720    0.9968    0.9968    0.9968
  95     0.007693    99.792     0.011713    99.650    99.720    0.9965    0.9965    0.9965
  96     0.007460    99.786     0.011022    99.660    99.720    0.9966    0.9965    0.9966
  97     0.007036    99.825     0.010982    99.690    99.720    0.9969    0.9968    0.9969
  98     0.007811    99.786     0.012598    99.670    99.720    0.9967    0.9966    0.9967
  99     0.006627    99.802     0.011473    99.690    99.720    0.9969    0.9968    0.9969
 100     0.007331    99.792     0.012136    99.660    99.720    0.9966    0.9965    0.9966
 101     0.006670    99.818     0.011430    99.660    99.720    0.9966    0.9965    0.9966
 102     0.006712    99.796     0.011281    99.710    99.720    0.9971    0.9970    0.9971
 103     0.006940    99.804     0.011499    99.680    99.720    0.9968    0.9968    0.9968
 104     0.006340    99.824     0.010700    99.770    99.770    0.9977    0.9976    0.9977
 105     0.006960    99.804     0.011911    99.690    99.770    0.9969    0.9969    0.9969
 106     0.007128    99.780     0.011914    99.710    99.770    0.9971    0.9970    0.9971
 107     0.006010    99.833     0.011604    99.680    99.770    0.9968    0.9968    0.9968
 108     0.006437    99.845     0.011305    99.650    99.770    0.9965    0.9965    0.9965
 109     0.006861    99.790     0.011978    99.700    99.770    0.9970    0.9969    0.9970
 110     0.005731    99.820     0.012277    99.630    99.770    0.9963    0.9963    0.9963
 111     0.005353    99.831     0.012397    99.670    99.770    0.9967    0.9967    0.9967
 112     0.005749    99.845     0.011889    99.660    99.770    0.9966    0.9965    0.9966
 113     0.006051    99.849     0.012436    99.690    99.770    0.9969    0.9969    0.9969
 114     0.006255    99.835     0.012651    99.670    99.770    0.9967    0.9967    0.9967
 115     0.005645    99.839     0.011900    99.710    99.770    0.9971    0.9971    0.9971
 116     0.005579    99.833     0.011930    99.700    99.770    0.9970    0.9970    0.9970
 117     0.005460    99.871     0.012269    99.690    99.770    0.9969    0.9969    0.9969
 118     0.005929    99.829     0.012380    99.680    99.770    0.9968    0.9968    0.9968
 119     0.005520    99.857     0.012632    99.680    99.770    0.9968    0.9967    0.9968
 120     0.005304    99.855     0.012756    99.670    99.770    0.9967    0.9966    0.9967
 121     0.006017    99.837     0.012274    99.680    99.770    0.9968    0.9967    0.9968
 122     0.005507    99.845     0.013201    99.640    99.770    0.9965    0.9963    0.9964
 123     0.004884    99.859     0.013270    99.660    99.770    0.9966    0.9965    0.9966
 124     0.004582    99.880     0.013027    99.670    99.770    0.9967    0.9967    0.9967
 125     0.004764    99.875     0.011989    99.660    99.770    0.9966    0.9966    0.9966
 126     0.005101    99.843     0.012619    99.660    99.770    0.9966    0.9966    0.9966
 127     0.005148    99.849     0.011401    99.670    99.770    0.9967    0.9967    0.9967
 128     0.004614    99.876     0.011556    99.660    99.770    0.9966    0.9966    0.9966
 129     0.004547    99.876     0.012046    99.680    99.770    0.9968    0.9968    0.9968
 130     0.004464    99.878     0.012145    99.680    99.770    0.9968    0.9968    0.9968
 131     0.004666    99.865     0.012060    99.660    99.770    0.9966    0.9966    0.9966
 132     0.005177    99.855     0.011284    99.650    99.770    0.9965    0.9965    0.9965
 133     0.005025    99.857     0.011711    99.660    99.770    0.9966    0.9965    0.9966
 134     0.004873    99.837     0.012761    99.610    99.770    0.9961    0.9961    0.9961
 135     0.004494    99.880     0.012319    99.650    99.770    0.9965    0.9965    0.9965
 136     0.004535    99.873     0.011998    99.630    99.770    0.9963    0.9963    0.9963
 137     0.005097    99.867     0.012202    99.630    99.770    0.9963    0.9963    0.9963
 138     0.004422    99.886     0.012010    99.630    99.770    0.9963    0.9963    0.9963
 139     0.004780    99.865     0.012070    99.640    99.770    0.9964    0.9964    0.9964
 140     0.004494    99.875     0.012120    99.630    99.770    0.9963    0.9963    0.9963
 141     0.004397    99.876     0.012001    99.650    99.770    0.9965    0.9965    0.9965
 142     0.004611    99.871     0.012592    99.660    99.770    0.9966    0.9965    0.9966
 143     0.004224    99.878     0.011891    99.670    99.770    0.9967    0.9967    0.9967
 144     0.003757    99.922     0.011056    99.710    99.770    0.9971    0.9971    0.9971
 145     0.004024    99.873     0.011519    99.720    99.770    0.9972    0.9972    0.9972
 146     0.004424    99.894     0.012115    99.660    99.770    0.9967    0.9966    0.9966
 147     0.004162    99.890     0.012637    99.660    99.770    0.9967    0.9966    0.9966
 148     0.004004    99.894     0.012308    99.620    99.770    0.9962    0.9962    0.9962
 149     0.003815    99.900     0.012411    99.660    99.770    0.9966    0.9966    0.9966
