   0     0.542197    89.037     0.136205    99.000    99.000
   1     0.214354    96.633     0.087722    99.250    99.250
   2     0.145722    97.275     0.094467    98.790    99.250
   3     0.116429    97.562     0.067828    99.090    99.250
   4     0.095384    97.887     0.117235    97.540    99.250
   5     0.084518    98.033     0.037483    99.300    99.300
   6     0.075293    98.192     0.048288    99.150    99.300
   7     0.069509    98.248     0.029758    99.530    99.530
   8     0.062710    98.362     0.055601    98.900    99.530
   9     0.059127    98.455     0.023928    99.490    99.530
  10     0.055882    98.477     0.045102    99.060    99.530
  11     0.049727    98.645     0.069081    98.160    99.530
  12     0.049221    98.677     0.040074    99.220    99.530
  13     0.047858    98.652     0.022664    99.480    99.530
  14     0.043956    98.795     0.057721    98.500    99.530
  15     0.043810    98.740     0.032409    99.380    99.530
  16     0.040918    98.853     0.029506    99.280    99.530
  17     0.037370    98.927     0.022041    99.430    99.530
  18     0.036063    98.927     0.061213    98.300    99.530
  19     0.037176    98.895     0.022213    99.380    99.530
  20     0.033687    99.055     0.050593    98.670    99.530
  21     0.033969    98.963     0.023953    99.400    99.530
  22     0.032421    99.062     0.021523    99.370    99.530
  23     0.030884    99.098     0.017345    99.550    99.550
  24     0.029695    99.108     0.021619    99.330    99.550
  25     0.029978    99.148     0.028401    99.240    99.550
  26     0.027324    99.158     0.017636    99.460    99.550
  27     0.026856    99.237     0.015004    99.590    99.590
  28     0.026207    99.242     0.020082    99.410    99.590
  29     0.023990    99.285     0.012722    99.630    99.630
  30     0.025169    99.243     0.011899    99.690    99.690
  31     0.023956    99.303     0.012446    99.610    99.690
  32     0.023597    99.305     0.012352    99.660    99.690
  33     0.023282    99.328     0.016729    99.500    99.690
  34     0.022317    99.348     0.015084    99.560    99.690
  35     0.021513    99.382     0.015738    99.550    99.690
  36     0.021721    99.370     0.011808    99.630    99.690
  37     0.021450    99.378     0.012388    99.600    99.690
  38     0.020809    99.382     0.014007    99.560    99.690
  39     0.019007    99.463     0.017142    99.490    99.690
  40     0.019088    99.458     0.015916    99.440    99.690
  41     0.018958    99.452     0.015792    99.500    99.690
  42     0.018825    99.438     0.012693    99.620    99.690
  43     0.017986    99.453     0.010543    99.670    99.690
  44     0.017866    99.467     0.012660    99.630    99.690
  45     0.017135    99.477     0.010201    99.710    99.710
  46     0.017010    99.470     0.010557    99.690    99.710
  47     0.016557    99.495     0.011806    99.670    99.710
  48     0.016686    99.483     0.011861    99.610    99.710
  49     0.015037    99.568     0.010810    99.700    99.710
  50     0.015789    99.527     0.013753    99.610    99.710
  51     0.014067    99.568     0.011955    99.670    99.710
  52     0.014440    99.557     0.012073    99.680    99.710
  53     0.014403    99.588     0.011421    99.640    99.710
  54     0.013069    99.618     0.013112    99.620    99.710
  55     0.014180    99.588     0.010724    99.740    99.740
  56     0.014473    99.577     0.012382    99.620    99.740
  57     0.012859    99.638     0.012204    99.630    99.740
  58     0.011884    99.637     0.010923    99.680    99.740
  59     0.011743    99.647     0.015558    99.580    99.740
  60     0.013581    99.603     0.013093    99.660    99.740
  61     0.012239    99.630     0.010872    99.710    99.740
  62     0.011272    99.638     0.013124    99.660    99.740
  63     0.010753    99.683     0.010728    99.690    99.740
  64     0.010311    99.665     0.011450    99.670    99.740
  65     0.011549    99.682     0.011316    99.650    99.740
  66     0.010113    99.695     0.009561    99.730    99.740
  67     0.010363    99.683     0.012507    99.660    99.740
  68     0.010198    99.703     0.012364    99.650    99.740
  69     0.010774    99.682     0.011800    99.620    99.740
  70     0.009593    99.710     0.011397    99.680    99.740
  71     0.010466    99.672     0.010540    99.710    99.740
  72     0.009727    99.702     0.012745    99.650    99.740
  73     0.008766    99.738     0.012045    99.670    99.740
  74     0.010245    99.702     0.012352    99.640    99.740
  75     0.009447    99.720     0.010385    99.740    99.740
  76     0.010127    99.708     0.011910    99.690    99.740
  77     0.009395    99.712     0.011263    99.690    99.740
  78     0.008123    99.737     0.012729    99.610    99.740
  79     0.008269    99.730     0.013476    99.620    99.740
  80     0.008929    99.750     0.011859    99.700    99.740
  81     0.008708    99.738     0.010235    99.730    99.740
  82     0.007829    99.750     0.013042    99.700    99.740
  83     0.007750    99.788     0.011774    99.650    99.740
  84     0.008182    99.775     0.011989    99.670    99.740
  85     0.006950    99.793     0.011456    99.670    99.740
  86     0.008096    99.735     0.010832    99.670    99.740
  87     0.008165    99.752     0.012206    99.690    99.740
  88     0.007038    99.790     0.012394    99.710    99.740
  89     0.007596    99.775     0.010754    99.690    99.740
  90     0.006389    99.803     0.012992    99.620    99.740
  91     0.006473    99.800     0.010771    99.690    99.740
  92     0.007142    99.788     0.012191    99.670    99.740
  93     0.007972    99.750     0.011865    99.650    99.740
  94     0.006463    99.795     0.012004    99.620    99.740
  95     0.005703    99.853     0.011324    99.670    99.740
  96     0.006399    99.808     0.010661    99.650    99.740
  97     0.007521    99.780     0.012136    99.640    99.740
  98     0.007373    99.792     0.012350    99.630    99.740
  99     0.005570    99.847     0.010874    99.660    99.740
 100     0.006903    99.782     0.010927    99.680    99.740
 101     0.006008    99.830     0.012077    99.670    99.740
 102     0.006229    99.820     0.013174    99.650    99.740
 103     0.006628    99.815     0.011725    99.680    99.740
 104     0.006416    99.802     0.010869    99.650    99.740
 105     0.005156    99.857     0.011001    99.720    99.740
 106     0.005781    99.838     0.012840    99.720    99.740
 107     0.005641    99.840     0.012636    99.710    99.740
 108     0.006412    99.830     0.012905    99.660    99.740
 109     0.006360    99.808     0.012401    99.700    99.740
 110     0.005880    99.812     0.011298    99.720    99.740
 111     0.005252    99.858     0.011473    99.680    99.740
 112     0.005549    99.845     0.011255    99.690    99.740
 113     0.005060    99.847     0.011448    99.700    99.740
 114     0.005461    99.845     0.013419    99.620    99.740
 115     0.004743    99.860     0.012438    99.680    99.740
 116     0.005353    99.845     0.012187    99.650    99.740
 117     0.004842    99.857     0.012404    99.660    99.740
 118     0.005323    99.843     0.011309    99.690    99.740
 119     0.005131    99.847     0.011875    99.650    99.740
 120     0.005756    99.830     0.011703    99.700    99.740
 121     0.004561    99.887     0.013059    99.680    99.740
 122     0.005130    99.850     0.011465    99.720    99.740
 123     0.005212    99.847     0.010743    99.700    99.740
 124     0.004707    99.855     0.011345    99.680    99.740
 125     0.004635    99.863     0.010636    99.730    99.740
 126     0.004401    99.868     0.011395    99.690    99.740
 127     0.004633    99.867     0.011409    99.720    99.740
 128     0.005047    99.862     0.011886    99.690    99.740
 129     0.004368    99.878     0.011379    99.700    99.740
 130     0.004614    99.878     0.012128    99.670    99.740
 131     0.004457    99.880     0.011263    99.710    99.740
 132     0.004629    99.853     0.012090    99.650    99.740
 133     0.004040    99.882     0.011574    99.690    99.740
 134     0.004397    99.862     0.011259    99.680    99.740
 135     0.004235    99.870     0.011350    99.670    99.740
 136     0.004666    99.852     0.010666    99.700    99.740
 137     0.004131    99.878     0.011867    99.680    99.740
 138     0.004190    99.877     0.011905    99.690    99.740
 139     0.004060    99.887     0.011648    99.710    99.740
 140     0.003893    99.880     0.012608    99.720    99.740
 141     0.004235    99.890     0.011965    99.700    99.740
 142     0.003406    99.918     0.011849    99.690    99.740
 143     0.003896    99.882     0.011486    99.650    99.740
 144     0.003697    99.900     0.011998    99.670    99.740
 145     0.004006    99.897     0.013527    99.640    99.740
 146     0.004141    99.877     0.011922    99.700    99.740
 147     0.003475    99.905     0.011802    99.700    99.740
 148     0.004113    99.860     0.011226    99.700    99.740
 149     0.004127    99.880     0.012027    99.690    99.740
