   0     0.545023    88.930     0.136147    98.710    98.710
   1     0.200413    97.015     0.091335    98.960    98.960
   2     0.139426    97.515     0.072195    98.940    98.960
   3     0.110490    97.812     0.047978    99.120    99.120
   4     0.091135    98.095     0.061001    98.940    99.120
   5     0.083477    98.097     0.033729    99.330    99.330
   6     0.073869    98.215     0.044729    99.200    99.330
   7     0.066658    98.408     0.060935    98.830    99.330
   8     0.064038    98.338     0.045789    99.050    99.330
   9     0.057692    98.557     0.024982    99.460    99.460
  10     0.054911    98.580     0.031893    99.280    99.460
  11     0.053806    98.588     0.045185    98.870    99.460
  12     0.051734    98.585     0.027568    99.350    99.460
  13     0.046962    98.743     0.032937    99.160    99.460
  14     0.045773    98.797     0.028769    99.280    99.460
  15     0.041977    98.897     0.027487    99.200    99.460
  16     0.040328    98.877     0.032565    99.270    99.460
  17     0.040268    98.943     0.020839    99.490    99.490
  18     0.035854    99.058     0.027862    99.300    99.490
  19     0.034860    99.088     0.014537    99.620    99.620
  20     0.037274    98.962     0.030044    99.300    99.620
  21     0.032704    99.135     0.017445    99.530    99.620
  22     0.032612    99.083     0.018011    99.440    99.620
  23     0.029065    99.163     0.016336    99.530    99.620
  24     0.031317    99.082     0.016159    99.610    99.620
  25     0.028659    99.212     0.013844    99.600    99.620
  26     0.027952    99.215     0.021104    99.430    99.620
  27     0.027493    99.220     0.012648    99.600    99.620
  28     0.024342    99.340     0.011744    99.670    99.670
  29     0.025008    99.315     0.014386    99.540    99.670
  30     0.026453    99.265     0.014937    99.620    99.670
  31     0.023647    99.330     0.013000    99.660    99.670
  32     0.021200    99.372     0.012048    99.620    99.670
  33     0.022160    99.395     0.012688    99.610    99.670
  34     0.020934    99.393     0.012762    99.660    99.670
  35     0.023352    99.348     0.012852    99.600    99.670
  36     0.020112    99.457     0.012508    99.580    99.670
  37     0.020750    99.435     0.011934    99.660    99.670
  38     0.019219    99.453     0.010761    99.730    99.730
  39     0.018024    99.487     0.012148    99.600    99.730
  40     0.019127    99.440     0.010355    99.660    99.730
  41     0.017871    99.488     0.013615    99.630    99.730
  42     0.017628    99.515     0.011122    99.700    99.730
  43     0.017132    99.483     0.010664    99.690    99.730
  44     0.016008    99.542     0.011143    99.690    99.730
  45     0.016007    99.533     0.011618    99.690    99.730
  46     0.015165    99.572     0.012489    99.650    99.730
  47     0.015510    99.542     0.013287    99.560    99.730
  48     0.015976    99.517     0.012381    99.650    99.730
  49     0.015666    99.550     0.011816    99.710    99.730
  50     0.014747    99.590     0.011842    99.610    99.730
  51     0.012597    99.647     0.011555    99.660    99.730
  52     0.013138    99.598     0.011284    99.640    99.730
  53     0.012879    99.658     0.010396    99.680    99.730
  54     0.012341    99.632     0.011075    99.590    99.730
  55     0.012530    99.655     0.010404    99.620    99.730
  56     0.012164    99.660     0.011431    99.620    99.730
  57     0.013253    99.615     0.012616    99.640    99.730
  58     0.011840    99.662     0.009811    99.710    99.730
  59     0.010954    99.703     0.009781    99.680    99.730
  60     0.010332    99.702     0.010110    99.660    99.730
  61     0.011279    99.663     0.010943    99.680    99.730
  62     0.009923    99.730     0.009659    99.740    99.740
  63     0.009265    99.723     0.009942    99.740    99.740
  64     0.011317    99.677     0.011567    99.680    99.740
  65     0.010155    99.715     0.009176    99.710    99.740
  66     0.009145    99.745     0.011169    99.680    99.740
  67     0.010198    99.722     0.010560    99.710    99.740
  68     0.009256    99.713     0.010340    99.720    99.740
  69     0.009468    99.718     0.010743    99.700    99.740
  70     0.009077    99.752     0.010511    99.690    99.740
  71     0.008346    99.763     0.010820    99.690    99.740
  72     0.008483    99.742     0.010290    99.720    99.740
  73     0.008822    99.753     0.009125    99.730    99.740
  74     0.008550    99.765     0.009695    99.680    99.740
  75     0.008045    99.783     0.010157    99.700    99.740
  76     0.008371    99.772     0.008861    99.710    99.740
  77     0.008062    99.762     0.010399    99.710    99.740
  78     0.007120    99.785     0.010474    99.670    99.740
  79     0.007354    99.783     0.012482    99.620    99.740
  80     0.007781    99.778     0.010718    99.680    99.740
  81     0.007281    99.788     0.009837    99.680    99.740
  82     0.007723    99.773     0.010752    99.710    99.740
  83     0.006459    99.808     0.009781    99.700    99.740
  84     0.007043    99.807     0.011001    99.690    99.740
  85     0.006401    99.812     0.011173    99.690    99.740
  86     0.005523    99.850     0.010416    99.700    99.740
  87     0.006067    99.822     0.010593    99.680    99.740
  88     0.007030    99.805     0.012674    99.650    99.740
  89     0.005953    99.848     0.012993    99.610    99.740
  90     0.005477    99.850     0.012081    99.670    99.740
  91     0.006264    99.832     0.011365    99.640    99.740
  92     0.005990    99.842     0.011518    99.690    99.740
  93     0.005596    99.838     0.011090    99.670    99.740
  94     0.005975    99.820     0.011014    99.690    99.740
  95     0.005201    99.845     0.011149    99.700    99.740
  96     0.004669    99.868     0.011610    99.700    99.740
  97     0.005682    99.833     0.011188    99.720    99.740
  98     0.005141    99.843     0.010639    99.670    99.740
  99     0.005464    99.843     0.011552    99.620    99.740
 100     0.004941    99.858     0.011781    99.670    99.740
 101     0.004065    99.887     0.010775    99.690    99.740
 102     0.004862    99.855     0.010850    99.650    99.740
 103     0.004909    99.858     0.009729    99.710    99.740
 104     0.004741    99.877     0.009833    99.710    99.740
 105     0.004243    99.883     0.011710    99.650    99.740
 106     0.004824    99.868     0.011171    99.630    99.740
 107     0.004749    99.877     0.012666    99.680    99.740
 108     0.004139    99.880     0.010925    99.720    99.740
 109     0.005037    99.857     0.010912    99.710    99.740
 110     0.003876    99.892     0.010927    99.690    99.740
 111     0.003751    99.895     0.011767    99.660    99.740
 112     0.004380    99.895     0.012049    99.680    99.740
 113     0.004344    99.872     0.011848    99.670    99.740
 114     0.004278    99.872     0.011428    99.710    99.740
 115     0.004365    99.875     0.010833    99.690    99.740
 116     0.004202    99.878     0.011261    99.690    99.740
 117     0.003764    99.885     0.011151    99.710    99.740
 118     0.003097    99.912     0.012118    99.670    99.740
 119     0.004328    99.880     0.011716    99.670    99.740
 120     0.003682    99.907     0.011854    99.700    99.740
 121     0.003876    99.895     0.012217    99.680    99.740
 122     0.003209    99.905     0.011665    99.690    99.740
 123     0.003878    99.888     0.012187    99.720    99.740
 124     0.003083    99.920     0.011903    99.660    99.740
 125     0.003051    99.915     0.011749    99.670    99.740
 126     0.003487    99.907     0.011740    99.630    99.740
 127     0.003270    99.915     0.011860    99.670    99.740
 128     0.003516    99.902     0.011400    99.660    99.740
 129     0.002863    99.922     0.012169    99.650    99.740
 130     0.003064    99.903     0.012511    99.680    99.740
 131     0.003802    99.885     0.012321    99.650    99.740
 132     0.003849    99.893     0.012005    99.660    99.740
 133     0.003405    99.915     0.011551    99.640    99.740
 134     0.002967    99.922     0.011748    99.670    99.740
 135     0.002926    99.925     0.011405    99.680    99.740
 136     0.003260    99.900     0.011435    99.680    99.740
 137     0.002579    99.927     0.010928    99.690    99.740
 138     0.003662    99.898     0.010147    99.700    99.740
 139     0.002920    99.925     0.010652    99.690    99.740
 140     0.002900    99.918     0.011011    99.660    99.740
 141     0.002322    99.943     0.011243    99.670    99.740
 142     0.002780    99.925     0.010162    99.710    99.740
 143     0.003084    99.913     0.010348    99.710    99.740
 144     0.002520    99.922     0.010437    99.720    99.740
 145     0.002494    99.938     0.010228    99.710    99.740
 146     0.002868    99.937     0.010355    99.710    99.740
 147     0.002387    99.927     0.009994    99.720    99.740
 148     0.002448    99.935     0.010940    99.730    99.740
 149     0.002653    99.933     0.011207    99.720    99.740
